<?xml version="1.0" encoding="UTF-8"?>
<!-- Generated by org.testng.reporters.JUnitReportReporter -->
<testsuite hostname="LAPTOP-E1VVKQEO" failures="0" tests="2" name="ApplicationTestRunner.Application_Test_Runner" time="13.768" errors="0" timestamp="2024-10-27T16:31:48 CDT" skipped="0">
  <testcase classname="ApplicationTestRunner.Application_Test_Runner" name="feature" time="6.142"/>
  <testcase classname="ApplicationTestRunner.Application_Test_Runner" name="feature" time="7.626"/>
</testsuite> <!-- ApplicationTestRunner.Application_Test_Runner -->
